<?xml version="1.0" encoding="UTF-8"?>
<testsuite xmlns:xsi="http://www.w3.org/2001/XMLSchema-instance" xsi:noNamespaceSchemaLocation="https://maven.apache.org/surefire/maven-surefire-plugin/xsd/surefire-test-report.xsd" name="com.jay.cx4emailer.Cx4EmailerApplicationTests" time="5.141" tests="1" errors="0" skipped="0" failures="0">
  <properties>
    <property name="sun.desktop" value="windows"/>
    <property name="awt.toolkit" value="sun.awt.windows.WToolkit"/>
    <property name="file.encoding.pkg" value="sun.io"/>
    <property name="java.specification.version" value="1.8"/>
    <property name="sun.cpu.isalist" value="amd64"/>
    <property name="sun.jnu.encoding" value="Cp1252"/>
    <property name="java.class.path" value="D:\cargospot-maven\projects-git\cx4-emailer\target\test-classes;D:\cargospot-maven\projects-git\cx4-emailer\target\classes;D:\cargospot-maven\mvn-local-repo\org\springframework\boot\spring-boot-starter-web\2.5.0\spring-boot-starter-web-2.5.0.jar;D:\cargospot-maven\mvn-local-repo\org\springframework\boot\spring-boot-starter\2.5.0\spring-boot-starter-2.5.0.jar;D:\cargospot-maven\mvn-local-repo\org\springframework\boot\spring-boot\2.5.0\spring-boot-2.5.0.jar;D:\cargospot-maven\mvn-local-repo\org\springframework\boot\spring-boot-autoconfigure\2.5.0\spring-boot-autoconfigure-2.5.0.jar;D:\cargospot-maven\mvn-local-repo\org\springframework\boot\spring-boot-starter-logging\2.5.0\spring-boot-starter-logging-2.5.0.jar;D:\cargospot-maven\mvn-local-repo\ch\qos\logback\logback-classic\1.2.3\logback-classic-1.2.3.jar;D:\cargospot-maven\mvn-local-repo\ch\qos\logback\logback-core\1.2.3\logback-core-1.2.3.jar;D:\cargospot-maven\mvn-local-repo\org\apache\logging\log4j\log4j-to-slf4j\2.17.0\log4j-to-slf4j-2.17.0.jar;D:\cargospot-maven\mvn-local-repo\org\apache\logging\log4j\log4j-api\2.17.0\log4j-api-2.17.0.jar;D:\cargospot-maven\mvn-local-repo\org\slf4j\jul-to-slf4j\1.7.30\jul-to-slf4j-1.7.30.jar;D:\cargospot-maven\mvn-local-repo\jakarta\annotation\jakarta.annotation-api\1.3.5\jakarta.annotation-api-1.3.5.jar;D:\cargospot-maven\mvn-local-repo\org\yaml\snakeyaml\1.28\snakeyaml-1.28.jar;D:\cargospot-maven\mvn-local-repo\org\springframework\boot\spring-boot-starter-json\2.5.0\spring-boot-starter-json-2.5.0.jar;D:\cargospot-maven\mvn-local-repo\com\fasterxml\jackson\core\jackson-databind\2.12.3\jackson-databind-2.12.3.jar;D:\cargospot-maven\mvn-local-repo\com\fasterxml\jackson\core\jackson-annotations\2.12.3\jackson-annotations-2.12.3.jar;D:\cargospot-maven\mvn-local-repo\com\fasterxml\jackson\core\jackson-core\2.12.3\jackson-core-2.12.3.jar;D:\cargospot-maven\mvn-local-repo\com\fasterxml\jackson\datatype\jackson-datatype-jdk8\2.12.3\jackson-datatype-jdk8-2.12.3.jar;D:\cargospot-maven\mvn-local-repo\com\fasterxml\jackson\datatype\jackson-datatype-jsr310\2.12.3\jackson-datatype-jsr310-2.12.3.jar;D:\cargospot-maven\mvn-local-repo\com\fasterxml\jackson\module\jackson-module-parameter-names\2.12.3\jackson-module-parameter-names-2.12.3.jar;D:\cargospot-maven\mvn-local-repo\org\springframework\boot\spring-boot-starter-tomcat\2.5.0\spring-boot-starter-tomcat-2.5.0.jar;D:\cargospot-maven\mvn-local-repo\org\apache\tomcat\embed\tomcat-embed-core\9.0.46\tomcat-embed-core-9.0.46.jar;D:\cargospot-maven\mvn-local-repo\org\apache\tomcat\embed\tomcat-embed-el\9.0.46\tomcat-embed-el-9.0.46.jar;D:\cargospot-maven\mvn-local-repo\org\apache\tomcat\embed\tomcat-embed-websocket\9.0.46\tomcat-embed-websocket-9.0.46.jar;D:\cargospot-maven\mvn-local-repo\org\springframework\spring-web\5.3.7\spring-web-5.3.7.jar;D:\cargospot-maven\mvn-local-repo\org\springframework\spring-beans\5.3.7\spring-beans-5.3.7.jar;D:\cargospot-maven\mvn-local-repo\org\springframework\spring-webmvc\5.3.7\spring-webmvc-5.3.7.jar;D:\cargospot-maven\mvn-local-repo\org\springframework\spring-aop\5.3.7\spring-aop-5.3.7.jar;D:\cargospot-maven\mvn-local-repo\org\springframework\spring-context\5.3.7\spring-context-5.3.7.jar;D:\cargospot-maven\mvn-local-repo\org\springframework\spring-expression\5.3.7\spring-expression-5.3.7.jar;D:\cargospot-maven\mvn-local-repo\org\springframework\boot\spring-boot-starter-test\2.5.0\spring-boot-starter-test-2.5.0.jar;D:\cargospot-maven\mvn-local-repo\org\springframework\boot\spring-boot-test\2.5.0\spring-boot-test-2.5.0.jar;D:\cargospot-maven\mvn-local-repo\org\springframework\boot\spring-boot-test-autoconfigure\2.5.0\spring-boot-test-autoconfigure-2.5.0.jar;D:\cargospot-maven\mvn-local-repo\com\jayway\jsonpath\json-path\2.5.0\json-path-2.5.0.jar;D:\cargospot-maven\mvn-local-repo\net\minidev\json-smart\2.4.7\json-smart-2.4.7.jar;D:\cargospot-maven\mvn-local-repo\net\minidev\accessors-smart\2.4.7\accessors-smart-2.4.7.jar;D:\cargospot-maven\mvn-local-repo\org\ow2\asm\asm\9.1\asm-9.1.jar;D:\cargospot-maven\mvn-local-repo\org\slf4j\slf4j-api\1.7.30\slf4j-api-1.7.30.jar;D:\cargospot-maven\mvn-local-repo\jakarta\xml\bind\jakarta.xml.bind-api\2.3.3\jakarta.xml.bind-api-2.3.3.jar;D:\cargospot-maven\mvn-local-repo\jakarta\activation\jakarta.activation-api\1.2.2\jakarta.activation-api-1.2.2.jar;D:\cargospot-maven\mvn-local-repo\org\assertj\assertj-core\3.19.0\assertj-core-3.19.0.jar;D:\cargospot-maven\mvn-local-repo\org\hamcrest\hamcrest\2.2\hamcrest-2.2.jar;D:\cargospot-maven\mvn-local-repo\org\junit\jupiter\junit-jupiter\5.7.2\junit-jupiter-5.7.2.jar;D:\cargospot-maven\mvn-local-repo\org\junit\jupiter\junit-jupiter-api\5.7.2\junit-jupiter-api-5.7.2.jar;D:\cargospot-maven\mvn-local-repo\org\apiguardian\apiguardian-api\1.1.0\apiguardian-api-1.1.0.jar;D:\cargospot-maven\mvn-local-repo\org\opentest4j\opentest4j\1.2.0\opentest4j-1.2.0.jar;D:\cargospot-maven\mvn-local-repo\org\junit\platform\junit-platform-commons\1.7.2\junit-platform-commons-1.7.2.jar;D:\cargospot-maven\mvn-local-repo\org\junit\jupiter\junit-jupiter-params\5.7.2\junit-jupiter-params-5.7.2.jar;D:\cargospot-maven\mvn-local-repo\org\junit\jupiter\junit-jupiter-engine\5.7.2\junit-jupiter-engine-5.7.2.jar;D:\cargospot-maven\mvn-local-repo\org\junit\platform\junit-platform-engine\1.7.2\junit-platform-engine-1.7.2.jar;D:\cargospot-maven\mvn-local-repo\org\mockito\mockito-core\3.9.0\mockito-core-3.9.0.jar;D:\cargospot-maven\mvn-local-repo\net\bytebuddy\byte-buddy\1.10.22\byte-buddy-1.10.22.jar;D:\cargospot-maven\mvn-local-repo\net\bytebuddy\byte-buddy-agent\1.10.22\byte-buddy-agent-1.10.22.jar;D:\cargospot-maven\mvn-local-repo\org\objenesis\objenesis\3.2\objenesis-3.2.jar;D:\cargospot-maven\mvn-local-repo\org\mockito\mockito-junit-jupiter\3.9.0\mockito-junit-jupiter-3.9.0.jar;D:\cargospot-maven\mvn-local-repo\org\skyscreamer\jsonassert\1.5.0\jsonassert-1.5.0.jar;D:\cargospot-maven\mvn-local-repo\com\vaadin\external\google\android-json\0.0.20131108.vaadin1\android-json-0.0.20131108.vaadin1.jar;D:\cargospot-maven\mvn-local-repo\org\springframework\spring-core\5.3.7\spring-core-5.3.7.jar;D:\cargospot-maven\mvn-local-repo\org\springframework\spring-jcl\5.3.7\spring-jcl-5.3.7.jar;D:\cargospot-maven\mvn-local-repo\org\springframework\spring-test\5.3.7\spring-test-5.3.7.jar;D:\cargospot-maven\mvn-local-repo\org\xmlunit\xmlunit-core\2.8.2\xmlunit-core-2.8.2.jar;D:\cargospot-maven\mvn-local-repo\javax\mail\mail\1.4.7\mail-1.4.7.jar;D:\cargospot-maven\mvn-local-repo\javax\activation\activation\1.1\activation-1.1.jar;"/>
    <property name="java.vm.vendor" value="Oracle Corporation"/>
    <property name="sun.arch.data.model" value="64"/>
    <property name="user.variant" value=""/>
    <property name="java.vendor.url" value="http://java.oracle.com/"/>
    <property name="user.timezone" value="Asia/Singapore"/>
    <property name="java.vm.specification.version" value="1.8"/>
    <property name="os.name" value="Windows 10"/>
    <property name="user.country" value="US"/>
    <property name="sun.java.launcher" value="SUN_STANDARD"/>
    <property name="sun.boot.library.path" value="D:\cargospot-maven\dev-tools\jdk\jdk1.8.0_152\jre\bin"/>
    <property name="sun.java.command" value="C:\Users\sisja\AppData\Local\Temp\surefire7070698599817009082\surefirebooter6628229727134234325.jar C:\Users\sisja\AppData\Local\Temp\surefire7070698599817009082 2022-05-10T16-59-04_117-jvmRun1 surefire503694654407784903tmp surefire_06025146206344036033tmp"/>
    <property name="surefire.test.class.path" value="D:\cargospot-maven\projects-git\cx4-emailer\target\test-classes;D:\cargospot-maven\projects-git\cx4-emailer\target\classes;D:\cargospot-maven\mvn-local-repo\org\springframework\boot\spring-boot-starter-web\2.5.0\spring-boot-starter-web-2.5.0.jar;D:\cargospot-maven\mvn-local-repo\org\springframework\boot\spring-boot-starter\2.5.0\spring-boot-starter-2.5.0.jar;D:\cargospot-maven\mvn-local-repo\org\springframework\boot\spring-boot\2.5.0\spring-boot-2.5.0.jar;D:\cargospot-maven\mvn-local-repo\org\springframework\boot\spring-boot-autoconfigure\2.5.0\spring-boot-autoconfigure-2.5.0.jar;D:\cargospot-maven\mvn-local-repo\org\springframework\boot\spring-boot-starter-logging\2.5.0\spring-boot-starter-logging-2.5.0.jar;D:\cargospot-maven\mvn-local-repo\ch\qos\logback\logback-classic\1.2.3\logback-classic-1.2.3.jar;D:\cargospot-maven\mvn-local-repo\ch\qos\logback\logback-core\1.2.3\logback-core-1.2.3.jar;D:\cargospot-maven\mvn-local-repo\org\apache\logging\log4j\log4j-to-slf4j\2.17.0\log4j-to-slf4j-2.17.0.jar;D:\cargospot-maven\mvn-local-repo\org\apache\logging\log4j\log4j-api\2.17.0\log4j-api-2.17.0.jar;D:\cargospot-maven\mvn-local-repo\org\slf4j\jul-to-slf4j\1.7.30\jul-to-slf4j-1.7.30.jar;D:\cargospot-maven\mvn-local-repo\jakarta\annotation\jakarta.annotation-api\1.3.5\jakarta.annotation-api-1.3.5.jar;D:\cargospot-maven\mvn-local-repo\org\yaml\snakeyaml\1.28\snakeyaml-1.28.jar;D:\cargospot-maven\mvn-local-repo\org\springframework\boot\spring-boot-starter-json\2.5.0\spring-boot-starter-json-2.5.0.jar;D:\cargospot-maven\mvn-local-repo\com\fasterxml\jackson\core\jackson-databind\2.12.3\jackson-databind-2.12.3.jar;D:\cargospot-maven\mvn-local-repo\com\fasterxml\jackson\core\jackson-annotations\2.12.3\jackson-annotations-2.12.3.jar;D:\cargospot-maven\mvn-local-repo\com\fasterxml\jackson\core\jackson-core\2.12.3\jackson-core-2.12.3.jar;D:\cargospot-maven\mvn-local-repo\com\fasterxml\jackson\datatype\jackson-datatype-jdk8\2.12.3\jackson-datatype-jdk8-2.12.3.jar;D:\cargospot-maven\mvn-local-repo\com\fasterxml\jackson\datatype\jackson-datatype-jsr310\2.12.3\jackson-datatype-jsr310-2.12.3.jar;D:\cargospot-maven\mvn-local-repo\com\fasterxml\jackson\module\jackson-module-parameter-names\2.12.3\jackson-module-parameter-names-2.12.3.jar;D:\cargospot-maven\mvn-local-repo\org\springframework\boot\spring-boot-starter-tomcat\2.5.0\spring-boot-starter-tomcat-2.5.0.jar;D:\cargospot-maven\mvn-local-repo\org\apache\tomcat\embed\tomcat-embed-core\9.0.46\tomcat-embed-core-9.0.46.jar;D:\cargospot-maven\mvn-local-repo\org\apache\tomcat\embed\tomcat-embed-el\9.0.46\tomcat-embed-el-9.0.46.jar;D:\cargospot-maven\mvn-local-repo\org\apache\tomcat\embed\tomcat-embed-websocket\9.0.46\tomcat-embed-websocket-9.0.46.jar;D:\cargospot-maven\mvn-local-repo\org\springframework\spring-web\5.3.7\spring-web-5.3.7.jar;D:\cargospot-maven\mvn-local-repo\org\springframework\spring-beans\5.3.7\spring-beans-5.3.7.jar;D:\cargospot-maven\mvn-local-repo\org\springframework\spring-webmvc\5.3.7\spring-webmvc-5.3.7.jar;D:\cargospot-maven\mvn-local-repo\org\springframework\spring-aop\5.3.7\spring-aop-5.3.7.jar;D:\cargospot-maven\mvn-local-repo\org\springframework\spring-context\5.3.7\spring-context-5.3.7.jar;D:\cargospot-maven\mvn-local-repo\org\springframework\spring-expression\5.3.7\spring-expression-5.3.7.jar;D:\cargospot-maven\mvn-local-repo\org\springframework\boot\spring-boot-starter-test\2.5.0\spring-boot-starter-test-2.5.0.jar;D:\cargospot-maven\mvn-local-repo\org\springframework\boot\spring-boot-test\2.5.0\spring-boot-test-2.5.0.jar;D:\cargospot-maven\mvn-local-repo\org\springframework\boot\spring-boot-test-autoconfigure\2.5.0\spring-boot-test-autoconfigure-2.5.0.jar;D:\cargospot-maven\mvn-local-repo\com\jayway\jsonpath\json-path\2.5.0\json-path-2.5.0.jar;D:\cargospot-maven\mvn-local-repo\net\minidev\json-smart\2.4.7\json-smart-2.4.7.jar;D:\cargospot-maven\mvn-local-repo\net\minidev\accessors-smart\2.4.7\accessors-smart-2.4.7.jar;D:\cargospot-maven\mvn-local-repo\org\ow2\asm\asm\9.1\asm-9.1.jar;D:\cargospot-maven\mvn-local-repo\org\slf4j\slf4j-api\1.7.30\slf4j-api-1.7.30.jar;D:\cargospot-maven\mvn-local-repo\jakarta\xml\bind\jakarta.xml.bind-api\2.3.3\jakarta.xml.bind-api-2.3.3.jar;D:\cargospot-maven\mvn-local-repo\jakarta\activation\jakarta.activation-api\1.2.2\jakarta.activation-api-1.2.2.jar;D:\cargospot-maven\mvn-local-repo\org\assertj\assertj-core\3.19.0\assertj-core-3.19.0.jar;D:\cargospot-maven\mvn-local-repo\org\hamcrest\hamcrest\2.2\hamcrest-2.2.jar;D:\cargospot-maven\mvn-local-repo\org\junit\jupiter\junit-jupiter\5.7.2\junit-jupiter-5.7.2.jar;D:\cargospot-maven\mvn-local-repo\org\junit\jupiter\junit-jupiter-api\5.7.2\junit-jupiter-api-5.7.2.jar;D:\cargospot-maven\mvn-local-repo\org\apiguardian\apiguardian-api\1.1.0\apiguardian-api-1.1.0.jar;D:\cargospot-maven\mvn-local-repo\org\opentest4j\opentest4j\1.2.0\opentest4j-1.2.0.jar;D:\cargospot-maven\mvn-local-repo\org\junit\platform\junit-platform-commons\1.7.2\junit-platform-commons-1.7.2.jar;D:\cargospot-maven\mvn-local-repo\org\junit\jupiter\junit-jupiter-params\5.7.2\junit-jupiter-params-5.7.2.jar;D:\cargospot-maven\mvn-local-repo\org\junit\jupiter\junit-jupiter-engine\5.7.2\junit-jupiter-engine-5.7.2.jar;D:\cargospot-maven\mvn-local-repo\org\junit\platform\junit-platform-engine\1.7.2\junit-platform-engine-1.7.2.jar;D:\cargospot-maven\mvn-local-repo\org\mockito\mockito-core\3.9.0\mockito-core-3.9.0.jar;D:\cargospot-maven\mvn-local-repo\net\bytebuddy\byte-buddy\1.10.22\byte-buddy-1.10.22.jar;D:\cargospot-maven\mvn-local-repo\net\bytebuddy\byte-buddy-agent\1.10.22\byte-buddy-agent-1.10.22.jar;D:\cargospot-maven\mvn-local-repo\org\objenesis\objenesis\3.2\objenesis-3.2.jar;D:\cargospot-maven\mvn-local-repo\org\mockito\mockito-junit-jupiter\3.9.0\mockito-junit-jupiter-3.9.0.jar;D:\cargospot-maven\mvn-local-repo\org\skyscreamer\jsonassert\1.5.0\jsonassert-1.5.0.jar;D:\cargospot-maven\mvn-local-repo\com\vaadin\external\google\android-json\0.0.20131108.vaadin1\android-json-0.0.20131108.vaadin1.jar;D:\cargospot-maven\mvn-local-repo\org\springframework\spring-core\5.3.7\spring-core-5.3.7.jar;D:\cargospot-maven\mvn-local-repo\org\springframework\spring-jcl\5.3.7\spring-jcl-5.3.7.jar;D:\cargospot-maven\mvn-local-repo\org\springframework\spring-test\5.3.7\spring-test-5.3.7.jar;D:\cargospot-maven\mvn-local-repo\org\xmlunit\xmlunit-core\2.8.2\xmlunit-core-2.8.2.jar;D:\cargospot-maven\mvn-local-repo\javax\mail\mail\1.4.7\mail-1.4.7.jar;D:\cargospot-maven\mvn-local-repo\javax\activation\activation\1.1\activation-1.1.jar;"/>
    <property name="sun.cpu.endian" value="little"/>
    <property name="user.home" value="C:\Users\sisja"/>
    <property name="user.language" value="en"/>
    <property name="java.specification.vendor" value="Oracle Corporation"/>
    <property name="java.home" value="D:\cargospot-maven\dev-tools\jdk\jdk1.8.0_152\jre"/>
    <property name="basedir" value="D:\cargospot-maven\projects-git\cx4-emailer"/>
    <property name="file.separator" value="\"/>
    <property name="line.separator" value="&#10;"/>
    <property name="java.vm.specification.vendor" value="Oracle Corporation"/>
    <property name="java.specification.name" value="Java Platform API Specification"/>
    <property name="java.awt.graphicsenv" value="sun.awt.Win32GraphicsEnvironment"/>
    <property name="surefire.real.class.path" value="C:\Users\sisja\AppData\Local\Temp\surefire7070698599817009082\surefirebooter6628229727134234325.jar"/>
    <property name="sun.boot.class.path" value="D:\cargospot-maven\dev-tools\jdk\jdk1.8.0_152\jre\lib\resources.jar;D:\cargospot-maven\dev-tools\jdk\jdk1.8.0_152\jre\lib\rt.jar;D:\cargospot-maven\dev-tools\jdk\jdk1.8.0_152\jre\lib\sunrsasign.jar;D:\cargospot-maven\dev-tools\jdk\jdk1.8.0_152\jre\lib\jsse.jar;D:\cargospot-maven\dev-tools\jdk\jdk1.8.0_152\jre\lib\jce.jar;D:\cargospot-maven\dev-tools\jdk\jdk1.8.0_152\jre\lib\charsets.jar;D:\cargospot-maven\dev-tools\jdk\jdk1.8.0_152\jre\lib\jfr.jar;D:\cargospot-maven\dev-tools\jdk\jdk1.8.0_152\jre\classes"/>
    <property name="user.script" value=""/>
    <property name="sun.management.compiler" value="HotSpot 64-Bit Tiered Compilers"/>
    <property name="java.runtime.version" value="1.8.0_152-b16"/>
    <property name="user.name" value="sisja"/>
    <property name="path.separator" value=";"/>
    <property name="os.version" value="10.0"/>
    <property name="java.endorsed.dirs" value="D:\cargospot-maven\dev-tools\jdk\jdk1.8.0_152\jre\lib\endorsed"/>
    <property name="java.runtime.name" value="Java(TM) SE Runtime Environment"/>
    <property name="file.encoding" value="Cp1252"/>
    <property name="java.vm.name" value="Java HotSpot(TM) 64-Bit Server VM"/>
    <property name="localRepository" value="D:\cargospot-maven\mvn-local-repo"/>
    <property name="java.vendor.url.bug" value="http://bugreport.sun.com/bugreport/"/>
    <property name="java.io.tmpdir" value="C:\Users\sisja\AppData\Local\Temp\"/>
    <property name="java.version" value="1.8.0_152"/>
    <property name="user.dir" value="D:\cargospot-maven\projects-git\cx4-emailer"/>
    <property name="os.arch" value="amd64"/>
    <property name="java.vm.specification.name" value="Java Virtual Machine Specification"/>
    <property name="java.awt.printerjob" value="sun.awt.windows.WPrinterJob"/>
    <property name="sun.os.patch.level" value=""/>
    <property name="java.library.path" value="D:\cargospot-maven\dev-tools\jdk\jdk1.8.0_152\jre\bin;C:\WINDOWS\Sun\Java\bin;C:\WINDOWS\system32;C:\WINDOWS;C:\oraclexe\app\oracle\product\11.2.0\server\bin;C:\Program Files (x86)\Common Files\Oracle\Java\javapath;C:\WINDOWS\system32;C:\WINDOWS;C:\WINDOWS\System32\Wbem;C:\WINDOWS\System32\WindowsPowerShell\v1.0\;C:\Program Files\Intel\WiFi\bin\;C:\Program Files\Common Files\Intel\WirelessCommon\;C:\Program Files (x86)\PuTTY\;C:\Program Files\TortoiseSVN\bin;C:\Program Files (x86)\Webex\Webex\Applications;C:\Program Files\nodejs\;D:\cargospot-maven\dev-tools\jdk\jdk1.8.0_152\bin;C:\Program Files (x86)\Microsoft SQL Server\150\DTS\Binn\;C:\Program Files\Git\cmd;C:\SQLite;C:\Program Files (x86)\OpenText\Viewer\bin;C:\Program Files\Microsoft VS Code\bin;C:\Program Files (x86)\Yarn\bin\;C:\Program Files\TortoiseGit\bin;C:\Users\sisja\AppData\Local\Microsoft\WindowsApps;C:\Program Files (x86)\Nmap;."/>
    <property name="java.vm.info" value="mixed mode"/>
    <property name="java.vendor" value="Oracle Corporation"/>
    <property name="java.vm.version" value="25.152-b16"/>
    <property name="java.ext.dirs" value="D:\cargospot-maven\dev-tools\jdk\jdk1.8.0_152\jre\lib\ext;C:\WINDOWS\Sun\Java\lib\ext"/>
    <property name="sun.io.unicode.encoding" value="UnicodeLittle"/>
    <property name="java.class.version" value="52.0"/>
  </properties>
  <testcase name="contextLoads" classname="com.jay.cx4emailer.Cx4EmailerApplicationTests" time="0.412"/>
</testsuite>